2023-07-22 07:14:06.274303 (37599) main____ INFO    ----------------------------------------
2023-07-22 07:14:06.274370 (37599) main____ INFO    Jasper version info
2023-07-22 07:14:06.274376 (37599) main____ INFO      tool      : Jasper 2022.12
2023-07-22 07:14:06.274381 (37599) main____ INFO      version   : 2022.12p001 64 bits
2023-07-22 07:14:06.274385 (37599) main____ INFO      build date: 2023.01.26 12:35:17 UTC
2023-07-22 07:14:06.274387 (37599) main____ INFO    ----------------------------------------
2023-07-22 07:14:06.274390 (37599) main____ INFO    Runtime info:
2023-07-22 07:14:06.274393 (37599) main____ INFO      platform  : Linux 3.10.0-1160.el7.x86_64 x86_64
2023-07-22 07:14:06.274399 (37599) main____ INFO      hostname  : mics-eda
2023-07-22 07:14:06.274402 (37599) main____ INFO      pid       : 37599
2023-07-22 07:14:06.274404 (37599) main____ INFO      arguments : '-style' 'windows'
2023-07-22 07:14:06.274409 (37599) main____ INFO      locale    : UTF-8
2023-07-22 07:14:06.274412 (37599) main____ INFO    ----------------------------------------
2023-07-22 07:14:06.274414 (37599) main____ INFO    System resource limits info:
2023-07-22 07:14:06.274417 (37599) main____ INFO      virtual memory: unlimited
2023-07-22 07:14:06.274420 (37599) main____ INFO      cpu time      : unlimited
2023-07-22 07:14:06.274424 (37599) main____ INFO      processes     : 65535
2023-07-22 07:14:06.274432 (37599) main____ INFO      stack size    : 8388608 B
2023-07-22 07:14:06.274435 (37599) main____ INFO      core file size: 0 B
2023-07-22 07:14:06.274439 (37599) main____ INFO      open files    : 65535
2023-07-22 07:14:06.274441 (37599) main____ INFO      file size     : unlimited
2023-07-22 07:14:06.274444 (37599) main____ INFO    ----------------------------------------
2023-07-22 07:14:06.274446 (37599) main____ INFO    Memory statistics:
2023-07-22 07:14:06.274449 (37599) main____ INFO      total physical memory  : 1056083564 kB
2023-07-22 07:14:06.274452 (37599) main____ INFO      free physical memory   : 336764348 kB
2023-07-22 07:14:06.274455 (37599) main____ INFO      committed address space: 260677136 kB
2023-07-22 07:14:06.274457 (37599) main____ INFO    ----------------------------------------
2023-07-22 07:14:06.275066 (37599) main____ INFO    Important environment variables:
2023-07-22 07:14:06.275076 (37599) main____ INFO      DISPLAY            : ':13.0'
2023-07-22 07:14:06.275080 (37599) main____ INFO      JASPER_INSTALL_DIR : '/usr/cadence/installs/jasper_2022.12p001'
2023-07-22 07:14:06.275083 (37599) main____ INFO      JASPER_KERNEL_CHECK: '1'
2023-07-22 07:14:06.275086 (37599) main____ INFO      JASPER_OS_CHECK    : '1'
2023-07-22 07:14:06.275090 (37599) main____ INFO      LANG               : 'en_US.UTF-8'
2023-07-22 07:14:06.275093 (37599) main____ INFO      LM_LICENSE_FILE    : '5280@10.100.0.27'
2023-07-22 07:14:06.275096 (37599) main____ INFO    ----------------------------------------
2023-07-22 07:14:06.275435 (37599) lic_core INFO    Initializing license system ...
2023-07-22 07:14:06.276032 (37599) lic_core INFO    ... license system initialized.
2023-07-22 07:14:06.277669 (37599) lic__man INFO    Claim 'main' for <ui>.
2023-07-22 07:14:06.277706 (37599) lic_core INFO    (1) checking out 'jasper_interactive' ...
2023-07-22 07:14:06.281680 (37599) lic_core INFO    ... (1) checkout failed (error: -5) ("FLEXnet ERROR(-5, 0, 0): No such feature exists.")
2023-07-22 07:14:06.281721 (37599) lic_core INFO    (2) checking out 'jasper_pint' ...
2023-07-22 07:14:06.289729 (37599) lic_core INFO    ... (2) checkout succeeded
2023-07-22 07:14:06.289796 (37599) lic__man INFO    Claim 'fpv' for <ui>.
2023-07-22 07:14:06.289812 (37599) lic_core INFO    (3) checking out 'jasper_fpv' ...
2023-07-22 07:14:06.292274 (37599) lic_core INFO    ... (3) checkout failed (error: -5) ("FLEXnet ERROR(-5, 0, 0): No such feature exists.")
2023-07-22 07:14:06.292309 (37599) lic_core INFO    (4) checking out 'jasper_fao' ...
2023-07-22 07:14:06.299734 (37599) lic_core INFO    ... (4) checkout succeeded
2023-07-22 07:14:06.300149 (37599) main____ INFO    Tool inactivity delay is 480000 ms.
2023-07-22 07:14:06.720295 (37599) lic__man INFO    Claim 'fpv' for <ui>.
2023-07-22 07:14:06.821770 (37599) lic__man INFO    Unclaim 'fpv' for <ui>.
2023-07-22 07:14:06.821825 (37599) lic__man INFO    Claim 'fpv' for <ui>.
2023-07-22 07:14:06.825897 (37599) session_ INFO    Starting analysis session with session id 'session_0' (launcher: <local>) ...
2023-07-22 07:14:06.827927 (37599) session_ INFO    Analysis session with session id 'session_0' started (pid: 37622)
2023-07-22 07:14:07.464252 (37599) session_ INFO    Analysis session 'session_0' connected to the console (host: 127.0.0.1:40002)
2023-07-22 07:14:37.652037 (37599) main____ INFO    Releasing console memory by request of analysis session 'session_0'.
2023-07-22 07:14:37.652708 (37599) lic__man INFO    Unclaim everything for 'session_0'.
2023-07-22 07:14:38.695606 (37599) lic__man INFO    Unclaim everything for 'session_0'.
2023-07-22 07:14:38.756284 (37599) lic__man INFO    Claim 'fpv' for 'session_0'.
2023-07-22 07:14:38.756353 (37599) lic__man INFO    Claim 'fpv' for 'session_0/prove-0'.
2023-07-22 07:14:40.272806 (37599) lic__man INFO    Unclaim everything for 'session_0/prove-0'.
2023-07-22 07:16:03.949414 (37599) lic__man INFO    Claim 'fpv' for 'session_0'.
2023-07-22 07:16:03.949465 (37599) lic__man INFO    Claim 'fpv' for 'session_0/prove-1'.
2023-07-22 07:16:05.222955 (37599) lic__man INFO    Unclaim everything for 'session_0/prove-1'.
2023-07-22 07:16:51.812387 (37599) lic__man INFO    Claim 'fpv' for 'session_0'.
2023-07-22 07:16:51.812440 (37599) lic__man INFO    Claim 'fpv' for 'session_0/prove-2'.
2023-07-22 07:16:52.552529 (37599) lic__man INFO    Unclaim everything for 'session_0/prove-2'.
2023-07-22 07:24:56.591321 (37599) lic__man INFO    Entering idle state.
2023-07-23 01:20:15.685329 (37599) lic__man INFO    Leaving idle state.
2023-07-23 01:26:20.384626 (37599) lic__man INFO    Claim 'fpv' for 'session_0'.
2023-07-23 01:26:20.384675 (37599) lic__man INFO    Claim 'fpv' for 'session_0/prove-3'.
2023-07-23 01:26:21.443219 (37599) lic__man INFO    Unclaim everything for 'session_0/prove-3'.
2023-07-23 01:26:37.421234 (37599) lic__man INFO    Claim 'fpv' for 'session_0'.
2023-07-23 01:26:37.421278 (37599) lic__man INFO    Claim 'fpv' for 'session_0/prove-4'.
2023-07-23 01:26:38.424663 (37599) lic__man INFO    Unclaim everything for 'session_0/prove-4'.
2023-07-23 01:28:35.224658 (37599) lic__man INFO    Claim 'fpv' for 'session_0'.
2023-07-23 01:28:35.224707 (37599) lic__man INFO    Claim 'fpv' for 'session_0/prove-5'.
2023-07-23 01:28:35.721444 (37599) lic__man INFO    Unclaim everything for 'session_0/prove-5'.
2023-07-23 01:28:38.199110 (37599) lic__man INFO    Claim 'fpv' for 'session_0'.
2023-07-23 01:38:22.591271 (37599) lic__man INFO    Entering idle state.
2023-07-23 01:38:55.348446 (37599) lic__man INFO    Leaving idle state.
2023-07-23 01:39:21.982868 (37599) lic__man INFO    Claim 'fpv' for 'session_0'.
2023-07-23 01:39:21.982917 (37599) lic__man INFO    Claim 'fpv' for 'session_0/prove-6'.
2023-07-23 01:39:23.041567 (37599) lic__man INFO    Unclaim everything for 'session_0/prove-6'.
2023-07-23 01:47:22.591530 (37599) lic__man INFO    Entering idle state.
2023-07-23 01:52:45.349020 (37599) lic__man INFO    Leaving idle state.
2023-07-23 01:52:52.834815 (37599) main____ INFO    Releasing console memory by request of analysis session 'session_0'.
2023-07-23 01:52:52.838758 (37599) lic__man INFO    Unclaim everything for 'session_0'.
2023-07-23 01:52:53.935989 (37599) lic__man INFO    Unclaim everything for 'session_0'.
2023-07-23 01:52:53.992487 (37599) lic__man INFO    Claim 'fpv' for 'session_0'.
2023-07-23 01:52:53.992534 (37599) lic__man INFO    Claim 'fpv' for 'session_0/prove-0'.
2023-07-23 01:52:54.787576 (37599) lic__man INFO    Unclaim everything for 'session_0/prove-0'.
2023-07-23 01:52:56.116231 (37599) lic__man INFO    Claim 'fpv' for 'session_0'.
2023-07-23 02:04:05.342260 (37599) main____ INFO    Releasing console memory by request of analysis session 'session_0'.
2023-07-23 02:04:05.344761 (37599) lic__man INFO    Unclaim everything for 'session_0'.
2023-07-23 02:04:06.432125 (37599) lic__man INFO    Unclaim everything for 'session_0'.
2023-07-23 02:04:06.493699 (37599) lic__man INFO    Claim 'fpv' for 'session_0'.
2023-07-23 02:04:06.493747 (37599) lic__man INFO    Claim 'fpv' for 'session_0/prove-0'.
2023-07-23 02:04:07.277848 (37599) lic__man INFO    Unclaim everything for 'session_0/prove-0'.
2023-07-23 02:04:09.539041 (37599) lic__man INFO    Claim 'fpv' for 'session_0'.
2023-07-23 02:12:12.441535 (37599) main____ INFO    Releasing console memory by request of analysis session 'session_0'.
2023-07-23 02:12:12.444010 (37599) lic__man INFO    Unclaim everything for 'session_0'.
2023-07-23 02:12:40.395815 (37599) main____ INFO    Releasing console memory by request of analysis session 'session_0'.
2023-07-23 02:12:40.395873 (37599) lic__man INFO    Unclaim everything for 'session_0'.
2023-07-23 02:12:41.445291 (37599) lic__man INFO    Unclaim everything for 'session_0'.
2023-07-23 02:12:41.509838 (37599) lic__man INFO    Claim 'fpv' for 'session_0'.
2023-07-23 02:12:41.509888 (37599) lic__man INFO    Claim 'fpv' for 'session_0/prove-0'.
2023-07-23 02:17:31.199378 (37599) lic__man INFO    Unclaim everything for 'session_0/prove-0'.
2023-07-23 02:18:09.065123 (37599) lic__man INFO    Claim 'fpv' for 'session_0'.
2023-07-23 02:18:09.065179 (37599) lic__man INFO    Claim 'fpv' for 'session_0/prove-1'.
2023-07-23 02:18:09.696747 (37599) lic__man INFO    Unclaim everything for 'session_0/prove-1'.
2023-07-23 02:18:20.021161 (37599) main____ INFO    Releasing console memory by request of analysis session 'session_0'.
2023-07-23 02:18:20.024439 (37599) lic__man INFO    Unclaim everything for 'session_0'.
2023-07-23 02:18:21.553276 (37599) lic__man INFO    Unclaim everything for 'session_0'.
2023-07-23 02:18:21.715509 (37599) lic__man INFO    Claim 'fpv' for 'session_0'.
2023-07-23 02:18:21.715556 (37599) lic__man INFO    Claim 'fpv' for 'session_0/prove-0'.
2023-07-23 02:18:43.790322 (37599) lic__man INFO    Unclaim everything for 'session_0/prove-0'.
2023-07-23 02:18:46.281528 (37599) main____ INFO    Releasing console memory by request of analysis session 'session_0'.
2023-07-23 02:18:46.283613 (37599) lic__man INFO    Unclaim everything for 'session_0'.
2023-07-23 02:18:47.638467 (37599) lic__man INFO    Unclaim everything for 'session_0'.
2023-07-23 02:18:47.800323 (37599) lic__man INFO    Claim 'fpv' for 'session_0'.
2023-07-23 02:18:47.800375 (37599) lic__man INFO    Claim 'fpv' for 'session_0/prove-0'.
2023-07-23 02:18:52.708705 (37599) lic__man INFO    Unclaim everything for 'session_0/prove-0'.
2023-07-23 02:18:57.757450 (37599) main____ INFO    Releasing console memory by request of analysis session 'session_0'.
2023-07-23 02:18:57.758517 (37599) lic__man INFO    Unclaim everything for 'session_0'.
2023-07-23 02:18:58.837731 (37599) lic__man INFO    Unclaim everything for 'session_0'.
2023-07-23 02:18:58.901751 (37599) lic__man INFO    Claim 'fpv' for 'session_0'.
2023-07-23 02:18:58.901808 (37599) lic__man INFO    Claim 'fpv' for 'session_0/prove-0'.
2023-07-23 02:19:10.667288 (37599) lic__man INFO    Unclaim everything for 'session_0/prove-0'.
2023-07-23 02:19:13.240941 (37599) main____ INFO    Releasing console memory by request of analysis session 'session_0'.
2023-07-23 02:19:13.242385 (37599) lic__man INFO    Unclaim everything for 'session_0'.
2023-07-23 02:19:14.326812 (37599) lic__man INFO    Unclaim everything for 'session_0'.
2023-07-23 02:19:14.387372 (37599) lic__man INFO    Claim 'fpv' for 'session_0'.
2023-07-23 02:19:14.387419 (37599) lic__man INFO    Claim 'fpv' for 'session_0/prove-0'.
2023-07-23 02:19:15.030208 (37599) lic__man INFO    Unclaim everything for 'session_0/prove-0'.
2023-07-23 02:19:16.830682 (37599) lic__man INFO    Claim 'fpv' for 'session_0'.
2023-07-23 02:30:19.258222 (37599) main____ INFO    Releasing console memory by request of analysis session 'session_0'.
2023-07-23 02:30:19.261433 (37599) lic__man INFO    Unclaim everything for 'session_0'.
2023-07-23 02:31:05.574031 (37599) main____ INFO    Releasing console memory by request of analysis session 'session_0'.
2023-07-23 02:31:05.574185 (37599) lic__man INFO    Unclaim everything for 'session_0'.
2023-07-23 02:31:06.987999 (37599) lic__man INFO    Unclaim everything for 'session_0'.
2023-07-23 02:31:07.088493 (37599) lic__man INFO    Claim 'fpv' for 'session_0'.
2023-07-23 02:31:07.088540 (37599) lic__man INFO    Claim 'fpv' for 'session_0/prove-0'.
2023-07-23 02:31:07.223339 (37599) lic__man INFO    Unclaim everything for 'session_0/prove-0'.
2023-07-23 02:31:17.945840 (37599) main____ INFO    Releasing console memory by request of analysis session 'session_0'.
2023-07-23 02:31:17.947325 (37599) lic__man INFO    Unclaim everything for 'session_0'.
2023-07-23 02:31:19.400503 (37599) lic__man INFO    Unclaim everything for 'session_0'.
2023-07-23 02:31:19.463475 (37599) lic__man INFO    Claim 'fpv' for 'session_0'.
2023-07-23 02:31:19.463523 (37599) lic__man INFO    Claim 'fpv' for 'session_0/prove-0'.
2023-07-23 02:32:22.032012 (37599) lic__man INFO    Claim 'fpv' for 'session_0'.
2023-07-23 02:32:22.032058 (37599) lic__man INFO    Claim 'fpv' for 'session_0/prove-1'.
2023-07-23 02:32:22.032069 (37599) lic_core INFO    (5) checking out 'jasper_fpv' ...
2023-07-23 02:32:22.035679 (37599) lic_core INFO    ... (5) checkout failed (error: -5) ("FLEXnet ERROR(-5, 0, 0): No such feature exists.")
2023-07-23 02:32:22.035726 (37599) lic_core INFO    (6) checking out 'jasper_fao' ...
2023-07-23 02:32:22.044160 (37599) lic_core INFO    ... (6) checkout succeeded
2023-07-23 02:32:22.557314 (37599) lic__man INFO    Unclaim everything for 'session_0/prove-1'.
2023-07-23 02:33:22.591467 (37599) lic_core INFO    (6) checkin jasper_fao
2023-07-23 02:33:42.257322 (37599) lic__man INFO    Claim 'fpv' for 'session_0'.
2023-07-23 02:33:42.257366 (37599) lic__man INFO    Claim 'fpv' for 'session_0/prove-2'.
2023-07-23 02:33:42.257378 (37599) lic_core INFO    (7) checking out 'jasper_fpv' ...
2023-07-23 02:33:42.259859 (37599) lic_core INFO    ... (7) checkout failed (error: -5) ("FLEXnet ERROR(-5, 0, 0): No such feature exists.")
2023-07-23 02:33:42.259901 (37599) lic_core INFO    (8) checking out 'jasper_fao' ...
2023-07-23 02:33:42.266428 (37599) lic_core INFO    ... (8) checkout succeeded
2023-07-23 02:33:42.853429 (37599) lic__man INFO    Unclaim everything for 'session_0/prove-2'.
2023-07-23 02:33:44.496545 (37599) lic__man INFO    Claim 'fpv' for 'session_0'.
2023-07-23 02:34:42.592127 (37599) lic_core INFO    (8) checkin jasper_fao
2023-07-23 02:35:45.005743 (37599) lic__man INFO    Unclaim everything for 'session_0/prove-0'.
2023-07-23 02:44:53.126022 (37599) main____ INFO    Releasing console memory by request of analysis session 'session_0'.
2023-07-23 02:44:53.126388 (37599) lic__man INFO    Unclaim everything for 'session_0'.
2023-07-23 02:45:11.635445 (37599) main____ INFO    Releasing console memory by request of analysis session 'session_0'.
2023-07-23 02:45:11.635504 (37599) lic__man INFO    Unclaim everything for 'session_0'.
2023-07-23 02:45:13.075172 (37599) lic__man INFO    Unclaim everything for 'session_0'.
2023-07-23 02:45:13.137685 (37599) lic__man INFO    Claim 'fpv' for 'session_0'.
2023-07-23 02:45:13.137732 (37599) lic__man INFO    Claim 'fpv' for 'session_0/prove-0'.
2023-07-23 02:45:13.937070 (37599) lic__man INFO    Unclaim everything for 'session_0/prove-0'.
2023-07-23 02:45:38.948720 (37599) lic__man INFO    Claim 'fpv' for 'session_0'.
2023-07-23 02:49:12.793114 (37599) main____ INFO    Releasing console memory by request of analysis session 'session_0'.
2023-07-23 02:49:12.796609 (37599) lic__man INFO    Unclaim everything for 'session_0'.
2023-07-23 02:49:14.254373 (37599) lic__man INFO    Unclaim everything for 'session_0'.
2023-07-23 02:49:14.319519 (37599) lic__man INFO    Claim 'fpv' for 'session_0'.
2023-07-23 02:49:14.319568 (37599) lic__man INFO    Claim 'fpv' for 'session_0/prove-0'.
2023-07-23 02:49:42.795837 (37599) lic__man INFO    Unclaim everything for 'session_0/prove-0'.
2023-07-23 02:49:50.007227 (37599) lic__man INFO    Claim 'fpv' for 'session_0'.
2023-07-23 02:49:50.007281 (37599) lic__man INFO    Claim 'fpv' for 'session_0/prove-1'.
2023-07-23 02:50:03.831125 (37599) lic__man INFO    Unclaim everything for 'session_0/prove-1'.
2023-07-23 02:50:06.076970 (37599) lic__man INFO    Claim 'fpv' for 'session_0'.
2023-07-23 03:05:42.592824 (37599) lic__man INFO    Entering idle state.
2023-07-23 03:06:37.591958 (37599) lic__man INFO    Leaving idle state.
2023-07-23 03:25:46.139611 (37599) main____ INFO    Releasing console memory by request of analysis session 'session_0'.
2023-07-23 03:25:46.143550 (37599) lic__man INFO    Unclaim everything for 'session_0'.
2023-07-23 03:25:47.559969 (37599) lic__man INFO    Unclaim everything for 'session_0'.
2023-07-23 03:25:47.622650 (37599) lic__man INFO    Claim 'fpv' for 'session_0'.
2023-07-23 03:25:47.622694 (37599) lic__man INFO    Claim 'fpv' for 'session_0/prove-0'.
2023-07-23 03:25:58.021795 (37599) lic__man INFO    Unclaim everything for 'session_0/prove-0'.
2023-07-23 03:26:01.533252 (37599) lic__man INFO    Claim 'fpv' for 'session_0'.
2023-07-23 03:49:30.654605 (37599) main____ INFO    Releasing console memory by request of analysis session 'session_0'.
2023-07-23 03:49:30.657353 (37599) lic__man INFO    Unclaim everything for 'session_0'.
2023-07-23 03:49:32.078627 (37599) lic__man INFO    Unclaim everything for 'session_0'.
2023-07-23 03:49:32.123847 (37599) lic__man INFO    Claim 'fpv' for 'session_0'.
2023-07-23 03:49:32.123888 (37599) lic__man INFO    Claim 'fpv' for 'session_0/prove-0'.
2023-07-23 04:18:15.209361 (37599) lic__man INFO    Claim 'fpv' for 'session_0'.
2023-07-23 04:18:15.209423 (37599) lic__man INFO    Claim 'fpv' for 'session_0/prove-1'.
2023-07-23 04:18:15.209436 (37599) lic_core INFO    (9) checking out 'jasper_fpv' ...
2023-07-23 04:18:15.213108 (37599) lic_core INFO    ... (9) checkout failed (error: -5) ("FLEXnet ERROR(-5, 0, 0): No such feature exists.")
2023-07-23 04:18:15.213159 (37599) lic_core INFO    (10) checking out 'jasper_fao' ...
2023-07-23 04:18:15.221452 (37599) lic_core INFO    ... (10) checkout succeeded
2023-07-23 04:18:15.930239 (37599) lic__man INFO    Unclaim everything for 'session_0/prove-1'.
2023-07-23 04:19:15.591947 (37599) lic_core INFO    (10) checkin jasper_fao
2023-07-24 03:29:46.419091 (37599) lic__man INFO    Unclaim everything for 'session_0/prove-0'.
2023-07-24 03:30:16.808218 (37599) lic__man INFO    Claim 'fpv' for 'session_0'.
2023-07-24 03:30:16.808263 (37599) lic__man INFO    Claim 'fpv' for 'session_0/prove-2'.
2023-07-24 03:30:16.852292 (37599) lic__man INFO    Unclaim everything for 'session_0/prove-2'.
2023-07-24 03:30:19.842862 (37599) main____ INFO    Releasing console memory by request of analysis session 'session_0'.
2023-07-24 03:30:19.844544 (37599) lic__man INFO    Unclaim everything for 'session_0'.
2023-07-24 03:30:21.272561 (37599) lic__man INFO    Unclaim everything for 'session_0'.
2023-07-24 03:30:21.334236 (37599) lic__man INFO    Claim 'fpv' for 'session_0'.
2023-07-24 03:30:21.334270 (37599) lic__man INFO    Claim 'fpv' for 'session_0/prove-0'.
2023-07-24 03:30:22.058732 (37599) lic__man INFO    Unclaim everything for 'session_0/prove-0'.
2023-07-24 03:30:23.835467 (37599) lic__man INFO    Claim 'fpv' for 'session_0'.
2023-07-24 03:40:02.591942 (37599) lic__man INFO    Entering idle state.
2023-07-25 02:13:42.591631 (37599) lic__man INFO    Leaving idle state.
2023-07-25 02:21:42.591933 (37599) lic__man INFO    Entering idle state.
